{"level":"info","message":"Registered route: /api/auth","service":"api-service","timestamp":"2025-04-05 10:14:45"}
{"level":"info","message":"Registered route: /api/products","service":"api-service","timestamp":"2025-04-05 10:14:45"}
{"level":"info","message":"Registered route: /api/categories","service":"api-service","timestamp":"2025-04-05 10:14:45"}
{"level":"info","message":"Registered route: /api/addresses","service":"api-service","timestamp":"2025-04-05 10:14:45"}
{"level":"info","message":"Registered route: /api/brandReviews","service":"api-service","timestamp":"2025-04-05 10:14:45"}
{"level":"info","message":"Registered route: /api/coupons","service":"api-service","timestamp":"2025-04-05 10:14:45"}
{"level":"info","message":"Registered route: /api/payments","service":"api-service","timestamp":"2025-04-05 10:14:45"}
{"level":"info","message":"Registered route: /api/orders","service":"api-service","timestamp":"2025-04-05 10:14:45"}
{"level":"info","message":"Registered route: /api/razorpay","service":"api-service","timestamp":"2025-04-05 10:14:45"}
{"level":"info","message":"Registered route: /api/cart","service":"api-service","timestamp":"2025-04-05 10:14:45"}
{"level":"info","message":"Registered route: /api/admin","service":"api-service","timestamp":"2025-04-05 10:14:45"}
{"level":"info","message":"Registered route: /api/wishlist","service":"api-service","timestamp":"2025-04-05 10:14:45"}
{"level":"info","message":"Registered route: /api/users","service":"api-service","timestamp":"2025-04-05 10:14:45"}
{"env":"development","level":"info","message":"Server running on port 5001","nodeVersion":"v20.18.3","port":"5001","service":"api-service","timestamp":"2025-04-05 10:14:45"}
{"level":"info","message":"Database connection successful","service":"api-service","timestamp":"2025-04-05 10:14:45"}
{"level":"info","message":"Registered route: /api/auth","service":"api-service","timestamp":"2025-04-05 10:14:58"}
{"level":"info","message":"Registered route: /api/products","service":"api-service","timestamp":"2025-04-05 10:14:58"}
{"level":"info","message":"Registered route: /api/categories","service":"api-service","timestamp":"2025-04-05 10:14:58"}
{"level":"info","message":"Registered route: /api/addresses","service":"api-service","timestamp":"2025-04-05 10:14:58"}
{"level":"info","message":"Registered route: /api/brandReviews","service":"api-service","timestamp":"2025-04-05 10:14:58"}
{"level":"info","message":"Registered route: /api/coupons","service":"api-service","timestamp":"2025-04-05 10:14:58"}
{"level":"info","message":"Registered route: /api/payments","service":"api-service","timestamp":"2025-04-05 10:14:58"}
{"level":"info","message":"Registered route: /api/orders","service":"api-service","timestamp":"2025-04-05 10:14:58"}
{"level":"info","message":"Registered route: /api/razorpay","service":"api-service","timestamp":"2025-04-05 10:14:58"}
{"level":"info","message":"Registered route: /api/cart","service":"api-service","timestamp":"2025-04-05 10:14:58"}
{"level":"info","message":"Registered route: /api/admin","service":"api-service","timestamp":"2025-04-05 10:14:58"}
{"level":"info","message":"Registered route: /api/wishlist","service":"api-service","timestamp":"2025-04-05 10:14:58"}
{"level":"info","message":"Registered route: /api/users","service":"api-service","timestamp":"2025-04-05 10:14:58"}
{"env":"development","level":"info","message":"Server running on port 5001","nodeVersion":"v20.18.3","port":"5001","service":"api-service","timestamp":"2025-04-05 10:14:59"}
{"level":"info","message":"Database connection successful","service":"api-service","timestamp":"2025-04-05 10:15:01"}
